2024-08-14 17:08:21 INFO  c.e.s.ShippingServiceApplicationTests - Starting ShippingServiceApplicationTests using Java 21.0.1 with PID 13970 (started by ivan in /Users/ivan/Github/Learn/Kafka-order-system/shipping-service)
2024-08-14 17:08:21 DEBUG c.e.s.ShippingServiceApplicationTests - Running with Spring Boot v3.3.2, Spring v6.1.11
2024-08-14 17:08:21 INFO  c.e.s.ShippingServiceApplicationTests - No active profile set, falling back to 1 default profile: "default"
2024-08-14 17:08:22 INFO  o.a.k.c.consumer.ConsumerConfig - ConsumerConfig values: 
	allow.auto.create.topics = true
	auto.commit.interval.ms = 5000
	auto.include.jmx.reporter = true
	auto.offset.reset = earliest
	bootstrap.servers = [localhost:9092]
	check.crcs = true
	client.dns.lookup = use_all_dns_ips
	client.id = consumer-shipping-group-1
	client.rack = 
	connections.max.idle.ms = 540000
	default.api.timeout.ms = 60000
	enable.auto.commit = true
	enable.metrics.push = true
	exclude.internal.topics = true
	fetch.max.bytes = 52428800
	fetch.max.wait.ms = 500
	fetch.min.bytes = 1
	group.id = shipping-group
	group.instance.id = null
	group.protocol = classic
	group.remote.assignor = null
	heartbeat.interval.ms = 3000
	interceptor.classes = []
	internal.leave.group.on.close = true
	internal.throw.on.fetch.stable.offset.unsupported = false
	isolation.level = read_uncommitted
	key.deserializer = class org.apache.kafka.common.serialization.StringDeserializer
	max.partition.fetch.bytes = 1048576
	max.poll.interval.ms = 300000
	max.poll.records = 500
	metadata.max.age.ms = 300000
	metric.reporters = []
	metrics.num.samples = 2
	metrics.recording.level = INFO
	metrics.sample.window.ms = 30000
	partition.assignment.strategy = [class org.apache.kafka.clients.consumer.RangeAssignor, class org.apache.kafka.clients.consumer.CooperativeStickyAssignor]
	receive.buffer.bytes = 65536
	reconnect.backoff.max.ms = 1000
	reconnect.backoff.ms = 50
	request.timeout.ms = 30000
	retry.backoff.max.ms = 1000
	retry.backoff.ms = 100
	sasl.client.callback.handler.class = null
	sasl.jaas.config = null
	sasl.kerberos.kinit.cmd = /usr/bin/kinit
	sasl.kerberos.min.time.before.relogin = 60000
	sasl.kerberos.service.name = null
	sasl.kerberos.ticket.renew.jitter = 0.05
	sasl.kerberos.ticket.renew.window.factor = 0.8
	sasl.login.callback.handler.class = null
	sasl.login.class = null
	sasl.login.connect.timeout.ms = null
	sasl.login.read.timeout.ms = null
	sasl.login.refresh.buffer.seconds = 300
	sasl.login.refresh.min.period.seconds = 60
	sasl.login.refresh.window.factor = 0.8
	sasl.login.refresh.window.jitter = 0.05
	sasl.login.retry.backoff.max.ms = 10000
	sasl.login.retry.backoff.ms = 100
	sasl.mechanism = GSSAPI
	sasl.oauthbearer.clock.skew.seconds = 30
	sasl.oauthbearer.expected.audience = null
	sasl.oauthbearer.expected.issuer = null
	sasl.oauthbearer.jwks.endpoint.refresh.ms = 3600000
	sasl.oauthbearer.jwks.endpoint.retry.backoff.max.ms = 10000
	sasl.oauthbearer.jwks.endpoint.retry.backoff.ms = 100
	sasl.oauthbearer.jwks.endpoint.url = null
	sasl.oauthbearer.scope.claim.name = scope
	sasl.oauthbearer.sub.claim.name = sub
	sasl.oauthbearer.token.endpoint.url = null
	security.protocol = PLAINTEXT
	security.providers = null
	send.buffer.bytes = 131072
	session.timeout.ms = 45000
	socket.connection.setup.timeout.max.ms = 30000
	socket.connection.setup.timeout.ms = 10000
	ssl.cipher.suites = null
	ssl.enabled.protocols = [TLSv1.2, TLSv1.3]
	ssl.endpoint.identification.algorithm = https
	ssl.engine.factory.class = null
	ssl.key.password = null
	ssl.keymanager.algorithm = SunX509
	ssl.keystore.certificate.chain = null
	ssl.keystore.key = null
	ssl.keystore.location = null
	ssl.keystore.password = null
	ssl.keystore.type = JKS
	ssl.protocol = TLSv1.3
	ssl.provider = null
	ssl.secure.random.implementation = null
	ssl.trustmanager.algorithm = PKIX
	ssl.truststore.certificates = null
	ssl.truststore.location = null
	ssl.truststore.password = null
	ssl.truststore.type = JKS
	value.deserializer = class org.apache.kafka.common.serialization.StringDeserializer

2024-08-14 17:08:22 INFO  o.a.k.c.t.i.KafkaMetricsCollector - initializing Kafka metrics collector
2024-08-14 17:08:22 INFO  o.a.kafka.common.utils.AppInfoParser - Kafka version: 3.7.1
2024-08-14 17:08:22 INFO  o.a.kafka.common.utils.AppInfoParser - Kafka commitId: e2494e6ffb89f828
2024-08-14 17:08:22 INFO  o.a.kafka.common.utils.AppInfoParser - Kafka startTimeMs: 1723644502658
2024-08-14 17:08:22 INFO  o.a.k.c.c.i.LegacyKafkaConsumer - [Consumer clientId=consumer-shipping-group-1, groupId=shipping-group] Subscribed to topic(s): payed_orders
2024-08-14 17:08:22 INFO  c.e.s.ShippingServiceApplicationTests - Started ShippingServiceApplicationTests in 1.884 seconds (process running for 2.562)
2024-08-14 17:08:22 INFO  o.apache.kafka.clients.NetworkClient - [Consumer clientId=consumer-shipping-group-1, groupId=shipping-group] Node -1 disconnected.
2024-08-14 17:08:22 WARN  o.apache.kafka.clients.NetworkClient - [Consumer clientId=consumer-shipping-group-1, groupId=shipping-group] Connection to node -1 (localhost/127.0.0.1:9092) could not be established. Node may not be available.
2024-08-14 17:08:22 WARN  o.apache.kafka.clients.NetworkClient - [Consumer clientId=consumer-shipping-group-1, groupId=shipping-group] Bootstrap broker localhost:9092 (id: -1 rack: null) disconnected
2024-08-14 17:08:22 INFO  o.apache.kafka.clients.NetworkClient - [Consumer clientId=consumer-shipping-group-1, groupId=shipping-group] Node -1 disconnected.
2024-08-14 17:08:22 WARN  o.apache.kafka.clients.NetworkClient - [Consumer clientId=consumer-shipping-group-1, groupId=shipping-group] Connection to node -1 (localhost/127.0.0.1:9092) could not be established. Node may not be available.
2024-08-14 17:08:22 WARN  o.apache.kafka.clients.NetworkClient - [Consumer clientId=consumer-shipping-group-1, groupId=shipping-group] Bootstrap broker localhost:9092 (id: -1 rack: null) disconnected
2024-08-14 17:08:23 INFO  o.apache.kafka.clients.NetworkClient - [Consumer clientId=consumer-shipping-group-1, groupId=shipping-group] Node -1 disconnected.
2024-08-14 17:08:23 WARN  o.apache.kafka.clients.NetworkClient - [Consumer clientId=consumer-shipping-group-1, groupId=shipping-group] Connection to node -1 (localhost/127.0.0.1:9092) could not be established. Node may not be available.
2024-08-14 17:08:23 WARN  o.apache.kafka.clients.NetworkClient - [Consumer clientId=consumer-shipping-group-1, groupId=shipping-group] Bootstrap broker localhost:9092 (id: -1 rack: null) disconnected
2024-08-14 17:08:23 INFO  o.apache.kafka.clients.NetworkClient - [Consumer clientId=consumer-shipping-group-1, groupId=shipping-group] Node -1 disconnected.
2024-08-14 17:08:23 WARN  o.apache.kafka.clients.NetworkClient - [Consumer clientId=consumer-shipping-group-1, groupId=shipping-group] Connection to node -1 (localhost/127.0.0.1:9092) could not be established. Node may not be available.
2024-08-14 17:08:23 WARN  o.apache.kafka.clients.NetworkClient - [Consumer clientId=consumer-shipping-group-1, groupId=shipping-group] Bootstrap broker localhost:9092 (id: -1 rack: null) disconnected
2024-08-14 17:08:23 INFO  o.a.k.c.c.i.ConsumerCoordinator - [Consumer clientId=consumer-shipping-group-1, groupId=shipping-group] Resetting generation and member id due to: consumer pro-actively leaving the group
2024-08-14 17:08:23 INFO  o.a.k.c.c.i.ConsumerCoordinator - [Consumer clientId=consumer-shipping-group-1, groupId=shipping-group] Request joining group due to: consumer pro-actively leaving the group
2024-08-14 17:08:23 INFO  o.a.k.c.c.i.LegacyKafkaConsumer - [Consumer clientId=consumer-shipping-group-1, groupId=shipping-group] Unsubscribed all topics or patterns and assigned partitions
2024-08-14 17:08:23 INFO  o.a.k.c.c.i.ConsumerCoordinator - [Consumer clientId=consumer-shipping-group-1, groupId=shipping-group] Resetting generation and member id due to: consumer pro-actively leaving the group
2024-08-14 17:08:23 INFO  o.a.k.c.c.i.ConsumerCoordinator - [Consumer clientId=consumer-shipping-group-1, groupId=shipping-group] Request joining group due to: consumer pro-actively leaving the group
2024-08-14 17:08:23 INFO  o.a.kafka.common.metrics.Metrics - Metrics scheduler closed
2024-08-14 17:08:23 INFO  o.a.kafka.common.metrics.Metrics - Closing reporter org.apache.kafka.common.metrics.JmxReporter
2024-08-14 17:08:23 INFO  o.a.kafka.common.metrics.Metrics - Closing reporter org.apache.kafka.common.telemetry.internals.ClientTelemetryReporter
2024-08-14 17:08:23 INFO  o.a.kafka.common.metrics.Metrics - Metrics reporters closed
2024-08-14 17:08:23 INFO  o.a.kafka.common.utils.AppInfoParser - App info kafka.consumer for consumer-shipping-group-1 unregistered
2024-08-14 17:08:23 INFO  o.s.k.l.KafkaMessageListenerContainer - shipping-group: Consumer stopped
2024-08-16 12:02:44 INFO  o.a.k.c.consumer.ConsumerConfig - ConsumerConfig values: 
	allow.auto.create.topics = true
	auto.commit.interval.ms = 5000
	auto.include.jmx.reporter = true
	auto.offset.reset = latest
	bootstrap.servers = [localhost:9092]
	check.crcs = true
	client.dns.lookup = use_all_dns_ips
	client.id = consumer-shipping-group-1
	client.rack = 
	connections.max.idle.ms = 540000
	default.api.timeout.ms = 60000
	enable.auto.commit = false
	enable.metrics.push = true
	exclude.internal.topics = true
	fetch.max.bytes = 52428800
	fetch.max.wait.ms = 500
	fetch.min.bytes = 1
	group.id = shipping-group
	group.instance.id = null
	group.protocol = classic
	group.remote.assignor = null
	heartbeat.interval.ms = 3000
	interceptor.classes = []
	internal.leave.group.on.close = true
	internal.throw.on.fetch.stable.offset.unsupported = false
	isolation.level = read_uncommitted
	key.deserializer = class org.apache.kafka.common.serialization.StringDeserializer
	max.partition.fetch.bytes = 1048576
	max.poll.interval.ms = 300000
	max.poll.records = 500
	metadata.max.age.ms = 300000
	metric.reporters = []
	metrics.num.samples = 2
	metrics.recording.level = INFO
	metrics.sample.window.ms = 30000
	partition.assignment.strategy = [class org.apache.kafka.clients.consumer.RangeAssignor, class org.apache.kafka.clients.consumer.CooperativeStickyAssignor]
	receive.buffer.bytes = 65536
	reconnect.backoff.max.ms = 1000
	reconnect.backoff.ms = 50
	request.timeout.ms = 30000
	retry.backoff.max.ms = 1000
	retry.backoff.ms = 100
	sasl.client.callback.handler.class = null
	sasl.jaas.config = null
	sasl.kerberos.kinit.cmd = /usr/bin/kinit
	sasl.kerberos.min.time.before.relogin = 60000
	sasl.kerberos.service.name = null
	sasl.kerberos.ticket.renew.jitter = 0.05
	sasl.kerberos.ticket.renew.window.factor = 0.8
	sasl.login.callback.handler.class = null
	sasl.login.class = null
	sasl.login.connect.timeout.ms = null
	sasl.login.read.timeout.ms = null
	sasl.login.refresh.buffer.seconds = 300
	sasl.login.refresh.min.period.seconds = 60
	sasl.login.refresh.window.factor = 0.8
	sasl.login.refresh.window.jitter = 0.05
	sasl.login.retry.backoff.max.ms = 10000
	sasl.login.retry.backoff.ms = 100
	sasl.mechanism = GSSAPI
	sasl.oauthbearer.clock.skew.seconds = 30
	sasl.oauthbearer.expected.audience = null
	sasl.oauthbearer.expected.issuer = null
	sasl.oauthbearer.jwks.endpoint.refresh.ms = 3600000
	sasl.oauthbearer.jwks.endpoint.retry.backoff.max.ms = 10000
	sasl.oauthbearer.jwks.endpoint.retry.backoff.ms = 100
	sasl.oauthbearer.jwks.endpoint.url = null
	sasl.oauthbearer.scope.claim.name = scope
	sasl.oauthbearer.sub.claim.name = sub
	sasl.oauthbearer.token.endpoint.url = null
	security.protocol = PLAINTEXT
	security.providers = null
	send.buffer.bytes = 131072
	session.timeout.ms = 45000
	socket.connection.setup.timeout.max.ms = 30000
	socket.connection.setup.timeout.ms = 10000
	ssl.cipher.suites = null
	ssl.enabled.protocols = [TLSv1.2, TLSv1.3]
	ssl.endpoint.identification.algorithm = https
	ssl.engine.factory.class = null
	ssl.key.password = null
	ssl.keymanager.algorithm = SunX509
	ssl.keystore.certificate.chain = null
	ssl.keystore.key = null
	ssl.keystore.location = null
	ssl.keystore.password = null
	ssl.keystore.type = JKS
	ssl.protocol = TLSv1.3
	ssl.provider = null
	ssl.secure.random.implementation = null
	ssl.trustmanager.algorithm = PKIX
	ssl.truststore.certificates = null
	ssl.truststore.location = null
	ssl.truststore.password = null
	ssl.truststore.type = JKS
	value.deserializer = class org.apache.kafka.common.serialization.StringDeserializer

2024-08-16 12:02:44 INFO  o.a.k.c.t.i.KafkaMetricsCollector - initializing Kafka metrics collector
2024-08-16 12:02:44 INFO  o.a.kafka.common.utils.AppInfoParser - Kafka version: 3.7.1
2024-08-16 12:02:44 INFO  o.a.kafka.common.utils.AppInfoParser - Kafka commitId: e2494e6ffb89f828
2024-08-16 12:02:44 INFO  o.a.kafka.common.utils.AppInfoParser - Kafka startTimeMs: 1723798964554
2024-08-16 12:02:44 INFO  o.a.k.c.c.i.LegacyKafkaConsumer - [Consumer clientId=consumer-shipping-group-1, groupId=shipping-group] Subscribed to topic(s): payed_orders
2024-08-16 12:02:44 INFO  o.a.k.c.consumer.ConsumerConfig - ConsumerConfig values: 
	allow.auto.create.topics = true
	auto.commit.interval.ms = 5000
	auto.include.jmx.reporter = true
	auto.offset.reset = latest
	bootstrap.servers = [localhost:9092]
	check.crcs = true
	client.dns.lookup = use_all_dns_ips
	client.id = consumer-shipping-group-2
	client.rack = 
	connections.max.idle.ms = 540000
	default.api.timeout.ms = 60000
	enable.auto.commit = false
	enable.metrics.push = true
	exclude.internal.topics = true
	fetch.max.bytes = 52428800
	fetch.max.wait.ms = 500
	fetch.min.bytes = 1
	group.id = shipping-group
	group.instance.id = null
	group.protocol = classic
	group.remote.assignor = null
	heartbeat.interval.ms = 3000
	interceptor.classes = []
	internal.leave.group.on.close = true
	internal.throw.on.fetch.stable.offset.unsupported = false
	isolation.level = read_uncommitted
	key.deserializer = class org.apache.kafka.common.serialization.StringDeserializer
	max.partition.fetch.bytes = 1048576
	max.poll.interval.ms = 300000
	max.poll.records = 500
	metadata.max.age.ms = 300000
	metric.reporters = []
	metrics.num.samples = 2
	metrics.recording.level = INFO
	metrics.sample.window.ms = 30000
	partition.assignment.strategy = [class org.apache.kafka.clients.consumer.RangeAssignor, class org.apache.kafka.clients.consumer.CooperativeStickyAssignor]
	receive.buffer.bytes = 65536
	reconnect.backoff.max.ms = 1000
	reconnect.backoff.ms = 50
	request.timeout.ms = 30000
	retry.backoff.max.ms = 1000
	retry.backoff.ms = 100
	sasl.client.callback.handler.class = null
	sasl.jaas.config = null
	sasl.kerberos.kinit.cmd = /usr/bin/kinit
	sasl.kerberos.min.time.before.relogin = 60000
	sasl.kerberos.service.name = null
	sasl.kerberos.ticket.renew.jitter = 0.05
	sasl.kerberos.ticket.renew.window.factor = 0.8
	sasl.login.callback.handler.class = null
	sasl.login.class = null
	sasl.login.connect.timeout.ms = null
	sasl.login.read.timeout.ms = null
	sasl.login.refresh.buffer.seconds = 300
	sasl.login.refresh.min.period.seconds = 60
	sasl.login.refresh.window.factor = 0.8
	sasl.login.refresh.window.jitter = 0.05
	sasl.login.retry.backoff.max.ms = 10000
	sasl.login.retry.backoff.ms = 100
	sasl.mechanism = GSSAPI
	sasl.oauthbearer.clock.skew.seconds = 30
	sasl.oauthbearer.expected.audience = null
	sasl.oauthbearer.expected.issuer = null
	sasl.oauthbearer.jwks.endpoint.refresh.ms = 3600000
	sasl.oauthbearer.jwks.endpoint.retry.backoff.max.ms = 10000
	sasl.oauthbearer.jwks.endpoint.retry.backoff.ms = 100
	sasl.oauthbearer.jwks.endpoint.url = null
	sasl.oauthbearer.scope.claim.name = scope
	sasl.oauthbearer.sub.claim.name = sub
	sasl.oauthbearer.token.endpoint.url = null
	security.protocol = PLAINTEXT
	security.providers = null
	send.buffer.bytes = 131072
	session.timeout.ms = 45000
	socket.connection.setup.timeout.max.ms = 30000
	socket.connection.setup.timeout.ms = 10000
	ssl.cipher.suites = null
	ssl.enabled.protocols = [TLSv1.2, TLSv1.3]
	ssl.endpoint.identification.algorithm = https
	ssl.engine.factory.class = null
	ssl.key.password = null
	ssl.keymanager.algorithm = SunX509
	ssl.keystore.certificate.chain = null
	ssl.keystore.key = null
	ssl.keystore.location = null
	ssl.keystore.password = null
	ssl.keystore.type = JKS
	ssl.protocol = TLSv1.3
	ssl.provider = null
	ssl.secure.random.implementation = null
	ssl.trustmanager.algorithm = PKIX
	ssl.truststore.certificates = null
	ssl.truststore.location = null
	ssl.truststore.password = null
	ssl.truststore.type = JKS
	value.deserializer = class org.apache.kafka.common.serialization.StringDeserializer

2024-08-16 12:02:44 INFO  o.a.k.c.t.i.KafkaMetricsCollector - initializing Kafka metrics collector
2024-08-16 12:02:44 INFO  o.a.kafka.common.utils.AppInfoParser - Kafka version: 3.7.1
2024-08-16 12:02:44 INFO  o.a.kafka.common.utils.AppInfoParser - Kafka commitId: e2494e6ffb89f828
2024-08-16 12:02:44 INFO  o.a.kafka.common.utils.AppInfoParser - Kafka startTimeMs: 1723798964573
2024-08-16 12:02:44 INFO  o.a.k.c.c.i.LegacyKafkaConsumer - [Consumer clientId=consumer-shipping-group-2, groupId=shipping-group] Subscribed to topic(s): payed_orders
2024-08-16 12:02:44 INFO  o.a.k.c.consumer.ConsumerConfig - ConsumerConfig values: 
	allow.auto.create.topics = true
	auto.commit.interval.ms = 5000
	auto.include.jmx.reporter = true
	auto.offset.reset = latest
	bootstrap.servers = [localhost:9092]
	check.crcs = true
	client.dns.lookup = use_all_dns_ips
	client.id = consumer-shipping-group-3
	client.rack = 
	connections.max.idle.ms = 540000
	default.api.timeout.ms = 60000
	enable.auto.commit = false
	enable.metrics.push = true
	exclude.internal.topics = true
	fetch.max.bytes = 52428800
	fetch.max.wait.ms = 500
	fetch.min.bytes = 1
	group.id = shipping-group
	group.instance.id = null
	group.protocol = classic
	group.remote.assignor = null
	heartbeat.interval.ms = 3000
	interceptor.classes = []
	internal.leave.group.on.close = true
	internal.throw.on.fetch.stable.offset.unsupported = false
	isolation.level = read_uncommitted
	key.deserializer = class org.apache.kafka.common.serialization.StringDeserializer
	max.partition.fetch.bytes = 1048576
	max.poll.interval.ms = 300000
	max.poll.records = 500
	metadata.max.age.ms = 300000
	metric.reporters = []
	metrics.num.samples = 2
	metrics.recording.level = INFO
	metrics.sample.window.ms = 30000
	partition.assignment.strategy = [class org.apache.kafka.clients.consumer.RangeAssignor, class org.apache.kafka.clients.consumer.CooperativeStickyAssignor]
	receive.buffer.bytes = 65536
	reconnect.backoff.max.ms = 1000
	reconnect.backoff.ms = 50
	request.timeout.ms = 30000
	retry.backoff.max.ms = 1000
	retry.backoff.ms = 100
	sasl.client.callback.handler.class = null
	sasl.jaas.config = null
	sasl.kerberos.kinit.cmd = /usr/bin/kinit
	sasl.kerberos.min.time.before.relogin = 60000
	sasl.kerberos.service.name = null
	sasl.kerberos.ticket.renew.jitter = 0.05
	sasl.kerberos.ticket.renew.window.factor = 0.8
	sasl.login.callback.handler.class = null
	sasl.login.class = null
	sasl.login.connect.timeout.ms = null
	sasl.login.read.timeout.ms = null
	sasl.login.refresh.buffer.seconds = 300
	sasl.login.refresh.min.period.seconds = 60
	sasl.login.refresh.window.factor = 0.8
	sasl.login.refresh.window.jitter = 0.05
	sasl.login.retry.backoff.max.ms = 10000
	sasl.login.retry.backoff.ms = 100
	sasl.mechanism = GSSAPI
	sasl.oauthbearer.clock.skew.seconds = 30
	sasl.oauthbearer.expected.audience = null
	sasl.oauthbearer.expected.issuer = null
	sasl.oauthbearer.jwks.endpoint.refresh.ms = 3600000
	sasl.oauthbearer.jwks.endpoint.retry.backoff.max.ms = 10000
	sasl.oauthbearer.jwks.endpoint.retry.backoff.ms = 100
	sasl.oauthbearer.jwks.endpoint.url = null
	sasl.oauthbearer.scope.claim.name = scope
	sasl.oauthbearer.sub.claim.name = sub
	sasl.oauthbearer.token.endpoint.url = null
	security.protocol = PLAINTEXT
	security.providers = null
	send.buffer.bytes = 131072
	session.timeout.ms = 45000
	socket.connection.setup.timeout.max.ms = 30000
	socket.connection.setup.timeout.ms = 10000
	ssl.cipher.suites = null
	ssl.enabled.protocols = [TLSv1.2, TLSv1.3]
	ssl.endpoint.identification.algorithm = https
	ssl.engine.factory.class = null
	ssl.key.password = null
	ssl.keymanager.algorithm = SunX509
	ssl.keystore.certificate.chain = null
	ssl.keystore.key = null
	ssl.keystore.location = null
	ssl.keystore.password = null
	ssl.keystore.type = JKS
	ssl.protocol = TLSv1.3
	ssl.provider = null
	ssl.secure.random.implementation = null
	ssl.trustmanager.algorithm = PKIX
	ssl.truststore.certificates = null
	ssl.truststore.location = null
	ssl.truststore.password = null
	ssl.truststore.type = JKS
	value.deserializer = class org.apache.kafka.common.serialization.StringDeserializer

2024-08-16 12:02:44 INFO  o.a.k.c.t.i.KafkaMetricsCollector - initializing Kafka metrics collector
2024-08-16 12:02:44 INFO  o.a.kafka.common.utils.AppInfoParser - Kafka version: 3.7.1
2024-08-16 12:02:44 INFO  o.a.kafka.common.utils.AppInfoParser - Kafka commitId: e2494e6ffb89f828
2024-08-16 12:02:44 INFO  o.a.kafka.common.utils.AppInfoParser - Kafka startTimeMs: 1723798964580
2024-08-16 12:02:44 INFO  o.a.k.c.c.i.LegacyKafkaConsumer - [Consumer clientId=consumer-shipping-group-3, groupId=shipping-group] Subscribed to topic(s): payed_orders
2024-08-16 12:02:44 INFO  org.apache.kafka.clients.Metadata - [Consumer clientId=consumer-shipping-group-3, groupId=shipping-group] Cluster ID: uLJCi1fwRl-PeVZUE1Z5pA
2024-08-16 12:02:44 INFO  org.apache.kafka.clients.Metadata - [Consumer clientId=consumer-shipping-group-2, groupId=shipping-group] Cluster ID: uLJCi1fwRl-PeVZUE1Z5pA
2024-08-16 12:02:44 INFO  org.apache.kafka.clients.Metadata - [Consumer clientId=consumer-shipping-group-1, groupId=shipping-group] Cluster ID: uLJCi1fwRl-PeVZUE1Z5pA
2024-08-16 12:02:44 INFO  o.a.k.c.c.i.ConsumerCoordinator - [Consumer clientId=consumer-shipping-group-3, groupId=shipping-group] Discovered group coordinator localhost:9092 (id: 2147483646 rack: null)
2024-08-16 12:02:44 INFO  o.a.k.c.c.i.ConsumerCoordinator - [Consumer clientId=consumer-shipping-group-1, groupId=shipping-group] Discovered group coordinator localhost:9092 (id: 2147483646 rack: null)
2024-08-16 12:02:44 INFO  o.a.k.c.c.i.ConsumerCoordinator - [Consumer clientId=consumer-shipping-group-2, groupId=shipping-group] Discovered group coordinator localhost:9092 (id: 2147483646 rack: null)
2024-08-16 12:02:44 INFO  o.a.k.c.c.i.ConsumerCoordinator - [Consumer clientId=consumer-shipping-group-1, groupId=shipping-group] (Re-)joining group
2024-08-16 12:02:44 INFO  o.a.k.c.c.i.ConsumerCoordinator - [Consumer clientId=consumer-shipping-group-2, groupId=shipping-group] (Re-)joining group
2024-08-16 12:02:44 INFO  o.a.k.c.c.i.ConsumerCoordinator - [Consumer clientId=consumer-shipping-group-3, groupId=shipping-group] (Re-)joining group
2024-08-16 12:02:44 INFO  o.a.k.c.c.i.ConsumerCoordinator - [Consumer clientId=consumer-shipping-group-1, groupId=shipping-group] Request joining group due to: need to re-join with the given member-id: consumer-shipping-group-1-776c1435-1d03-4446-bb8c-88a352edf5e8
2024-08-16 12:02:44 INFO  o.a.k.c.c.i.ConsumerCoordinator - [Consumer clientId=consumer-shipping-group-2, groupId=shipping-group] Request joining group due to: need to re-join with the given member-id: consumer-shipping-group-2-0cc37c52-8aa6-4603-9a90-8d36b8d2f6ff
2024-08-16 12:02:44 INFO  o.a.k.c.c.i.ConsumerCoordinator - [Consumer clientId=consumer-shipping-group-3, groupId=shipping-group] Request joining group due to: need to re-join with the given member-id: consumer-shipping-group-3-9df088a9-ba9e-4b7e-9374-fe23e01ea655
2024-08-16 12:02:44 INFO  o.a.k.c.c.i.ConsumerCoordinator - [Consumer clientId=consumer-shipping-group-1, groupId=shipping-group] (Re-)joining group
2024-08-16 12:02:44 INFO  o.a.k.c.c.i.ConsumerCoordinator - [Consumer clientId=consumer-shipping-group-2, groupId=shipping-group] (Re-)joining group
2024-08-16 12:02:44 INFO  o.a.k.c.c.i.ConsumerCoordinator - [Consumer clientId=consumer-shipping-group-3, groupId=shipping-group] (Re-)joining group
2024-08-16 12:02:45 INFO  o.a.k.c.c.i.ConsumerCoordinator - [Consumer clientId=consumer-shipping-group-1, groupId=shipping-group] Member consumer-shipping-group-1-776c1435-1d03-4446-bb8c-88a352edf5e8 sending LeaveGroup request to coordinator localhost:9092 (id: 2147483646 rack: null) due to the consumer unsubscribed from all topics
2024-08-16 12:02:45 INFO  o.a.k.c.c.i.ConsumerCoordinator - [Consumer clientId=consumer-shipping-group-3, groupId=shipping-group] Member consumer-shipping-group-3-9df088a9-ba9e-4b7e-9374-fe23e01ea655 sending LeaveGroup request to coordinator localhost:9092 (id: 2147483646 rack: null) due to the consumer unsubscribed from all topics
2024-08-16 12:02:45 INFO  o.a.k.c.c.i.ConsumerCoordinator - [Consumer clientId=consumer-shipping-group-2, groupId=shipping-group] Member consumer-shipping-group-2-0cc37c52-8aa6-4603-9a90-8d36b8d2f6ff sending LeaveGroup request to coordinator localhost:9092 (id: 2147483646 rack: null) due to the consumer unsubscribed from all topics
2024-08-16 12:02:45 INFO  o.a.k.c.c.i.ConsumerCoordinator - [Consumer clientId=consumer-shipping-group-2, groupId=shipping-group] Resetting generation and member id due to: consumer pro-actively leaving the group
2024-08-16 12:02:45 INFO  o.a.k.c.c.i.ConsumerCoordinator - [Consumer clientId=consumer-shipping-group-2, groupId=shipping-group] Request joining group due to: consumer pro-actively leaving the group
2024-08-16 12:02:45 INFO  o.a.k.c.c.i.LegacyKafkaConsumer - [Consumer clientId=consumer-shipping-group-2, groupId=shipping-group] Unsubscribed all topics or patterns and assigned partitions
2024-08-16 12:02:45 INFO  o.a.k.c.c.i.ConsumerCoordinator - [Consumer clientId=consumer-shipping-group-3, groupId=shipping-group] Resetting generation and member id due to: consumer pro-actively leaving the group
2024-08-16 12:02:45 INFO  o.a.k.c.c.i.ConsumerCoordinator - [Consumer clientId=consumer-shipping-group-1, groupId=shipping-group] Resetting generation and member id due to: consumer pro-actively leaving the group
2024-08-16 12:02:45 INFO  o.a.k.c.c.i.ConsumerCoordinator - [Consumer clientId=consumer-shipping-group-3, groupId=shipping-group] Request joining group due to: consumer pro-actively leaving the group
2024-08-16 12:02:45 INFO  o.a.k.c.c.i.ConsumerCoordinator - [Consumer clientId=consumer-shipping-group-1, groupId=shipping-group] Request joining group due to: consumer pro-actively leaving the group
2024-08-16 12:02:45 INFO  o.a.k.c.c.i.LegacyKafkaConsumer - [Consumer clientId=consumer-shipping-group-1, groupId=shipping-group] Unsubscribed all topics or patterns and assigned partitions
2024-08-16 12:02:45 INFO  o.a.k.c.c.i.LegacyKafkaConsumer - [Consumer clientId=consumer-shipping-group-3, groupId=shipping-group] Unsubscribed all topics or patterns and assigned partitions
2024-08-16 12:02:45 INFO  o.a.k.c.c.i.ConsumerCoordinator - [Consumer clientId=consumer-shipping-group-3, groupId=shipping-group] Resetting generation and member id due to: consumer pro-actively leaving the group
2024-08-16 12:02:45 INFO  o.a.k.c.c.i.ConsumerCoordinator - [Consumer clientId=consumer-shipping-group-1, groupId=shipping-group] Resetting generation and member id due to: consumer pro-actively leaving the group
2024-08-16 12:02:45 INFO  o.a.k.c.c.i.ConsumerCoordinator - [Consumer clientId=consumer-shipping-group-3, groupId=shipping-group] Request joining group due to: consumer pro-actively leaving the group
2024-08-16 12:02:45 INFO  o.a.k.c.c.i.ConsumerCoordinator - [Consumer clientId=consumer-shipping-group-2, groupId=shipping-group] Resetting generation and member id due to: consumer pro-actively leaving the group
2024-08-16 12:02:45 INFO  o.a.k.c.c.i.ConsumerCoordinator - [Consumer clientId=consumer-shipping-group-2, groupId=shipping-group] Request joining group due to: consumer pro-actively leaving the group
2024-08-16 12:02:45 INFO  o.a.k.c.c.i.ConsumerCoordinator - [Consumer clientId=consumer-shipping-group-1, groupId=shipping-group] Request joining group due to: consumer pro-actively leaving the group
2024-08-16 12:02:47 INFO  o.a.kafka.common.metrics.Metrics - Metrics scheduler closed
2024-08-16 12:02:47 INFO  o.a.kafka.common.metrics.Metrics - Closing reporter org.apache.kafka.common.metrics.JmxReporter
2024-08-16 12:02:47 INFO  o.a.kafka.common.metrics.Metrics - Closing reporter org.apache.kafka.common.telemetry.internals.ClientTelemetryReporter
2024-08-16 12:02:47 INFO  o.a.kafka.common.metrics.Metrics - Metrics scheduler closed
2024-08-16 12:02:47 INFO  o.a.kafka.common.metrics.Metrics - Metrics reporters closed
2024-08-16 12:02:47 INFO  o.a.kafka.common.metrics.Metrics - Closing reporter org.apache.kafka.common.metrics.JmxReporter
2024-08-16 12:02:47 INFO  o.a.kafka.common.metrics.Metrics - Closing reporter org.apache.kafka.common.telemetry.internals.ClientTelemetryReporter
2024-08-16 12:02:47 INFO  o.a.kafka.common.metrics.Metrics - Metrics reporters closed
2024-08-16 12:02:47 INFO  o.a.kafka.common.metrics.Metrics - Metrics scheduler closed
2024-08-16 12:02:47 INFO  o.a.kafka.common.metrics.Metrics - Closing reporter org.apache.kafka.common.metrics.JmxReporter
2024-08-16 12:02:47 INFO  o.a.kafka.common.metrics.Metrics - Closing reporter org.apache.kafka.common.telemetry.internals.ClientTelemetryReporter
2024-08-16 12:02:47 INFO  o.a.kafka.common.metrics.Metrics - Metrics reporters closed
2024-08-16 12:02:47 INFO  o.a.kafka.common.utils.AppInfoParser - App info kafka.consumer for consumer-shipping-group-1 unregistered
2024-08-16 12:02:47 INFO  o.a.kafka.common.utils.AppInfoParser - App info kafka.consumer for consumer-shipping-group-2 unregistered
2024-08-16 12:02:47 INFO  o.s.k.l.KafkaMessageListenerContainer - shipping-group: Consumer stopped
2024-08-16 12:02:47 INFO  o.s.k.l.KafkaMessageListenerContainer - shipping-group: Consumer stopped
2024-08-16 12:02:47 INFO  o.a.kafka.common.utils.AppInfoParser - App info kafka.consumer for consumer-shipping-group-3 unregistered
2024-08-16 12:02:47 INFO  o.s.k.l.KafkaMessageListenerContainer - shipping-group: Consumer stopped
